<?xml version="1.0" encoding="UTF-8"?>
<testng-results ignored="0" total="1" passed="1" failed="0" skipped="0">
  <reporter-output>
  </reporter-output>
  <suite started-at="2024-05-23T12:10:53 BDT" name="Default suite" finished-at="2024-05-23T12:12:42 BDT" duration-ms="109404">
    <groups>
    </groups>
    <test started-at="2024-05-23T12:10:53 BDT" name="Default test" finished-at="2024-05-23T12:12:42 BDT" duration-ms="109404">
      <class name="exceltechonologistltdhw.SmartCarePro">
        <test-method signature="TestHomeWork()[pri:0, instance:exceltechonologistltdhw.SmartCarePro@4efbca5a]" started-at="2024-05-23T12:10:53 BDT" name="TestHomeWork" finished-at="2024-05-23T12:12:42 BDT" duration-ms="109353" status="PASS">
          <reporter-output>
          </reporter-output>
        </test-method> <!-- TestHomeWork -->
      </class> <!-- exceltechonologistltdhw.SmartCarePro -->
    </test> <!-- Default test -->
  </suite> <!-- Default suite -->
</testng-results>
